Time resolution is 1 ps
--------------------------------------------------
SCENARIO:                                    1. Distance (Closer Wins)
 [PASS] Winner:   1 | Score:     262144
--------------------------------------------------

--------------------------------------------------
SCENARIO:                                   2. Battery (Stronger Wins)
 [PASS] Winner:   2 | Score:     131072
--------------------------------------------------

--------------------------------------------------
SCENARIO:                              3. Hail Mary (Reliability Wins)
 [PASS] Winner:   1 | Score:     163840
--------------------------------------------------

--------------------------------------------------
SCENARIO:                    4. Negative Coords (-5 is closer than 10)
 [PASS] Winner:   2 | Score:     262144
--------------------------------------------------

--------------------------------------------------
SCENARIO:                                 5. 3D Math (Z-axis Handling)
 [PASS] Winner:   2 | Score:     262144
--------------------------------------------------

--------------------------------------------------
SCENARIO:                           6. Dead Battery (0 Bat never wins)
 [PASS] Winner:   1 | Score:      16384
--------------------------------------------------

--------------------------------------------------
SCENARIO:                                   7. Precision (10 beats 11)
 [PASS] Winner:   1 | Score:      65536
--------------------------------------------------

--------------------------------------------------
SCENARIO:                   8. Tie Breaker (First Valid ID Keeps Lead)
 [PASS] Winner:   1 | Score:      65536
--------------------------------------------------

--------------------------------------------------
SCENARIO:                                     9. Crowd Test (5 Drones)
 [PASS] Winner:   4 | Score:     668467
--------------------------------------------------

--------------------------------------------------
SCENARIO:                                10. Far Negative (-50 vs +40)
 [PASS] Winner:   2 | Score:       4096
--------------------------------------------------

--------------------------------------------------
SCENARIO:                         11. Geometric Tie (Triangle vs Line)
 [PASS] Winner:   1 | Score:     262144
--------------------------------------------------

--------------------------------------------------
SCENARIO:                                         12. Max Range Stress
 [PASS] Winner:   2 | Score:      21845
--------------------------------------------------

--------------------------------------------------
SCENARIO:                       13. Queen Skip (Even if Queen is Best)
 [PASS] Winner:   1 | Score:      32768
--------------------------------------------------

ALL 13 TESTS COMPLETED.
$stop called at time : 10055 ns : File "C:/Users/Dousik Manokaran/Downloads/Centient/QSSEv2/QSSEv2.srcs/sim_1/new/tb_centient.v" Line 157
