
*** Running vivado
    with args -log top.vds -m64 -product Vivado -mode batch -messageDb vivado.pb -notrace -source top.tcl



****** Vivado v2025.1 (64-bit)
  **** SW Build 6140274 on Thu May 22 00:12:29 MDT 2025
  **** IP Build 6138677 on Thu May 22 03:10:11 MDT 2025
  **** SharedData Build 6139179 on Tue May 20 17:58:58 MDT 2025
  **** Start of session at: Wed Jan  7 13:24:14 2026
    ** Copyright 1986-2022 Xilinx, Inc. All Rights Reserved.
    ** Copyright 2022-2025 Advanced Micro Devices, Inc. All Rights Reserved.

source top.tcl -notrace
create_project: Time (s): cpu = 00:00:13 ; elapsed = 00:00:14 . Memory (MB): peak = 598.945 ; gain = 209.562
Command: read_checkpoint -auto_incremental -incremental {C:/Users/Dousik Manokaran/Downloads/Centient/Queen Successor Selection Engine - QSSE/Queen Successor Selection Engine - QSSE.srcs/utils_1/imports/synth_1/top.dcp}
INFO: [Vivado 12-5825] Read reference checkpoint from C:/Users/Dousik Manokaran/Downloads/Centient/Queen Successor Selection Engine - QSSE/Queen Successor Selection Engine - QSSE.srcs/utils_1/imports/synth_1/top.dcp for incremental synthesis
INFO: [Vivado 12-7989] Please ensure there are no constraint changes
Command: synth_design -top top -part xc7z020clg484-1 -gated_clock_conversion on
Starting synth_design
Attempting to get a license for feature 'Synthesis' and/or device 'xc7z020'
INFO: [Common 17-349] Got license for feature 'Synthesis' and/or device 'xc7z020'
INFO: [Designutils 20-5440] No compile time benefit to using incremental synthesis; A full resynthesis will be run
INFO: [Designutils 20-4379] Flow is switching to default flow due to incremental criteria not met. If you would like to alter this behaviour and have the flow terminate instead, please set the following parameter config_implementation {autoIncr.Synth.RejectBehavior Terminate}
INFO: [Synth 8-7079] Multithreading enabled for synth_design using a maximum of 2 processes.
INFO: [Synth 8-7078] Launching helper process for spawning children vivado processes
INFO: [Synth 8-7075] Helper process launched with PID 10764
---------------------------------------------------------------------------------
Starting Synthesize : Time (s): cpu = 00:00:07 ; elapsed = 00:00:08 . Memory (MB): peak = 1109.609 ; gain = 496.797
---------------------------------------------------------------------------------
INFO: [Synth 8-6157] synthesizing module 'top' [C:/Users/Dousik Manokaran/Downloads/Centient/Queen Successor Selection Engine - QSSE/Queen Successor Selection Engine - QSSE.srcs/sources_1/new/top.v:2]
INFO: [Synth 8-6155] done synthesizing module 'top' (0#1) [C:/Users/Dousik Manokaran/Downloads/Centient/Queen Successor Selection Engine - QSSE/Queen Successor Selection Engine - QSSE.srcs/sources_1/new/top.v:2]
WARNING: [Synth 8-6014] Unused sequential element snr1_reg[0][0] was removed.  [C:/Users/Dousik Manokaran/Downloads/Centient/Queen Successor Selection Engine - QSSE/Queen Successor Selection Engine - QSSE.srcs/sources_1/new/top.v:52]
WARNING: [Synth 8-6014] Unused sequential element snr1_reg[0][1] was removed.  [C:/Users/Dousik Manokaran/Downloads/Centient/Queen Successor Selection Engine - QSSE/Queen Successor Selection Engine - QSSE.srcs/sources_1/new/top.v:52]
WARNING: [Synth 8-6014] Unused sequential element snr1_reg[0][2] was removed.  [C:/Users/Dousik Manokaran/Downloads/Centient/Queen Successor Selection Engine - QSSE/Queen Successor Selection Engine - QSSE.srcs/sources_1/new/top.v:52]
WARNING: [Synth 8-6014] Unused sequential element snr1_reg[1][0] was removed.  [C:/Users/Dousik Manokaran/Downloads/Centient/Queen Successor Selection Engine - QSSE/Queen Successor Selection Engine - QSSE.srcs/sources_1/new/top.v:52]
WARNING: [Synth 8-6014] Unused sequential element snr1_reg[1][1] was removed.  [C:/Users/Dousik Manokaran/Downloads/Centient/Queen Successor Selection Engine - QSSE/Queen Successor Selection Engine - QSSE.srcs/sources_1/new/top.v:52]
WARNING: [Synth 8-6014] Unused sequential element snr1_reg[1][2] was removed.  [C:/Users/Dousik Manokaran/Downloads/Centient/Queen Successor Selection Engine - QSSE/Queen Successor Selection Engine - QSSE.srcs/sources_1/new/top.v:52]
WARNING: [Synth 8-6014] Unused sequential element snr1_reg[2][0] was removed.  [C:/Users/Dousik Manokaran/Downloads/Centient/Queen Successor Selection Engine - QSSE/Queen Successor Selection Engine - QSSE.srcs/sources_1/new/top.v:52]
WARNING: [Synth 8-6014] Unused sequential element snr1_reg[2][1] was removed.  [C:/Users/Dousik Manokaran/Downloads/Centient/Queen Successor Selection Engine - QSSE/Queen Successor Selection Engine - QSSE.srcs/sources_1/new/top.v:52]
WARNING: [Synth 8-6014] Unused sequential element snr1_reg[2][2] was removed.  [C:/Users/Dousik Manokaran/Downloads/Centient/Queen Successor Selection Engine - QSSE/Queen Successor Selection Engine - QSSE.srcs/sources_1/new/top.v:52]
WARNING: [Synth 8-6014] Unused sequential element snr1_reg[3][0] was removed.  [C:/Users/Dousik Manokaran/Downloads/Centient/Queen Successor Selection Engine - QSSE/Queen Successor Selection Engine - QSSE.srcs/sources_1/new/top.v:52]
WARNING: [Synth 8-6014] Unused sequential element snr1_reg[3][1] was removed.  [C:/Users/Dousik Manokaran/Downloads/Centient/Queen Successor Selection Engine - QSSE/Queen Successor Selection Engine - QSSE.srcs/sources_1/new/top.v:52]
WARNING: [Synth 8-6014] Unused sequential element snr1_reg[3][2] was removed.  [C:/Users/Dousik Manokaran/Downloads/Centient/Queen Successor Selection Engine - QSSE/Queen Successor Selection Engine - QSSE.srcs/sources_1/new/top.v:52]
WARNING: [Synth 8-6014] Unused sequential element snr1_reg[3][3] was removed.  [C:/Users/Dousik Manokaran/Downloads/Centient/Queen Successor Selection Engine - QSSE/Queen Successor Selection Engine - QSSE.srcs/sources_1/new/top.v:52]
WARNING: [Synth 8-6014] Unused sequential element dx2_reg[0][0] was removed.  [C:/Users/Dousik Manokaran/Downloads/Centient/Queen Successor Selection Engine - QSSE/Queen Successor Selection Engine - QSSE.srcs/sources_1/new/top.v:71]
WARNING: [Synth 8-6014] Unused sequential element dx2_reg[0][1] was removed.  [C:/Users/Dousik Manokaran/Downloads/Centient/Queen Successor Selection Engine - QSSE/Queen Successor Selection Engine - QSSE.srcs/sources_1/new/top.v:71]
WARNING: [Synth 8-6014] Unused sequential element dx2_reg[0][2] was removed.  [C:/Users/Dousik Manokaran/Downloads/Centient/Queen Successor Selection Engine - QSSE/Queen Successor Selection Engine - QSSE.srcs/sources_1/new/top.v:71]
WARNING: [Synth 8-6014] Unused sequential element dx2_reg[1][0] was removed.  [C:/Users/Dousik Manokaran/Downloads/Centient/Queen Successor Selection Engine - QSSE/Queen Successor Selection Engine - QSSE.srcs/sources_1/new/top.v:71]
WARNING: [Synth 8-6014] Unused sequential element dx2_reg[1][1] was removed.  [C:/Users/Dousik Manokaran/Downloads/Centient/Queen Successor Selection Engine - QSSE/Queen Successor Selection Engine - QSSE.srcs/sources_1/new/top.v:71]
WARNING: [Synth 8-6014] Unused sequential element dx2_reg[1][2] was removed.  [C:/Users/Dousik Manokaran/Downloads/Centient/Queen Successor Selection Engine - QSSE/Queen Successor Selection Engine - QSSE.srcs/sources_1/new/top.v:71]
WARNING: [Synth 8-6014] Unused sequential element dx2_reg[2][0] was removed.  [C:/Users/Dousik Manokaran/Downloads/Centient/Queen Successor Selection Engine - QSSE/Queen Successor Selection Engine - QSSE.srcs/sources_1/new/top.v:71]
WARNING: [Synth 8-6014] Unused sequential element dx2_reg[2][1] was removed.  [C:/Users/Dousik Manokaran/Downloads/Centient/Queen Successor Selection Engine - QSSE/Queen Successor Selection Engine - QSSE.srcs/sources_1/new/top.v:71]
WARNING: [Synth 8-6014] Unused sequential element dx2_reg[2][2] was removed.  [C:/Users/Dousik Manokaran/Downloads/Centient/Queen Successor Selection Engine - QSSE/Queen Successor Selection Engine - QSSE.srcs/sources_1/new/top.v:71]
WARNING: [Synth 8-6014] Unused sequential element dx2_reg[3][0] was removed.  [C:/Users/Dousik Manokaran/Downloads/Centient/Queen Successor Selection Engine - QSSE/Queen Successor Selection Engine - QSSE.srcs/sources_1/new/top.v:71]
WARNING: [Synth 8-6014] Unused sequential element dx2_reg[3][1] was removed.  [C:/Users/Dousik Manokaran/Downloads/Centient/Queen Successor Selection Engine - QSSE/Queen Successor Selection Engine - QSSE.srcs/sources_1/new/top.v:71]
WARNING: [Synth 8-6014] Unused sequential element dx2_reg[3][2] was removed.  [C:/Users/Dousik Manokaran/Downloads/Centient/Queen Successor Selection Engine - QSSE/Queen Successor Selection Engine - QSSE.srcs/sources_1/new/top.v:71]
WARNING: [Synth 8-6014] Unused sequential element dx2_reg[3][3] was removed.  [C:/Users/Dousik Manokaran/Downloads/Centient/Queen Successor Selection Engine - QSSE/Queen Successor Selection Engine - QSSE.srcs/sources_1/new/top.v:71]
WARNING: [Synth 8-6014] Unused sequential element dy2_reg[0][0] was removed.  [C:/Users/Dousik Manokaran/Downloads/Centient/Queen Successor Selection Engine - QSSE/Queen Successor Selection Engine - QSSE.srcs/sources_1/new/top.v:72]
WARNING: [Synth 8-6014] Unused sequential element dy2_reg[0][1] was removed.  [C:/Users/Dousik Manokaran/Downloads/Centient/Queen Successor Selection Engine - QSSE/Queen Successor Selection Engine - QSSE.srcs/sources_1/new/top.v:72]
WARNING: [Synth 8-6014] Unused sequential element dy2_reg[0][2] was removed.  [C:/Users/Dousik Manokaran/Downloads/Centient/Queen Successor Selection Engine - QSSE/Queen Successor Selection Engine - QSSE.srcs/sources_1/new/top.v:72]
WARNING: [Synth 8-6014] Unused sequential element dy2_reg[1][0] was removed.  [C:/Users/Dousik Manokaran/Downloads/Centient/Queen Successor Selection Engine - QSSE/Queen Successor Selection Engine - QSSE.srcs/sources_1/new/top.v:72]
WARNING: [Synth 8-6014] Unused sequential element dy2_reg[1][1] was removed.  [C:/Users/Dousik Manokaran/Downloads/Centient/Queen Successor Selection Engine - QSSE/Queen Successor Selection Engine - QSSE.srcs/sources_1/new/top.v:72]
WARNING: [Synth 8-6014] Unused sequential element dy2_reg[1][2] was removed.  [C:/Users/Dousik Manokaran/Downloads/Centient/Queen Successor Selection Engine - QSSE/Queen Successor Selection Engine - QSSE.srcs/sources_1/new/top.v:72]
WARNING: [Synth 8-6014] Unused sequential element dy2_reg[2][0] was removed.  [C:/Users/Dousik Manokaran/Downloads/Centient/Queen Successor Selection Engine - QSSE/Queen Successor Selection Engine - QSSE.srcs/sources_1/new/top.v:72]
WARNING: [Synth 8-6014] Unused sequential element dy2_reg[2][1] was removed.  [C:/Users/Dousik Manokaran/Downloads/Centient/Queen Successor Selection Engine - QSSE/Queen Successor Selection Engine - QSSE.srcs/sources_1/new/top.v:72]
WARNING: [Synth 8-6014] Unused sequential element dy2_reg[2][2] was removed.  [C:/Users/Dousik Manokaran/Downloads/Centient/Queen Successor Selection Engine - QSSE/Queen Successor Selection Engine - QSSE.srcs/sources_1/new/top.v:72]
WARNING: [Synth 8-6014] Unused sequential element dy2_reg[3][0] was removed.  [C:/Users/Dousik Manokaran/Downloads/Centient/Queen Successor Selection Engine - QSSE/Queen Successor Selection Engine - QSSE.srcs/sources_1/new/top.v:72]
WARNING: [Synth 8-6014] Unused sequential element dy2_reg[3][1] was removed.  [C:/Users/Dousik Manokaran/Downloads/Centient/Queen Successor Selection Engine - QSSE/Queen Successor Selection Engine - QSSE.srcs/sources_1/new/top.v:72]
WARNING: [Synth 8-6014] Unused sequential element dy2_reg[3][2] was removed.  [C:/Users/Dousik Manokaran/Downloads/Centient/Queen Successor Selection Engine - QSSE/Queen Successor Selection Engine - QSSE.srcs/sources_1/new/top.v:72]
WARNING: [Synth 8-6014] Unused sequential element dy2_reg[3][3] was removed.  [C:/Users/Dousik Manokaran/Downloads/Centient/Queen Successor Selection Engine - QSSE/Queen Successor Selection Engine - QSSE.srcs/sources_1/new/top.v:72]
WARNING: [Synth 8-6014] Unused sequential element dz2_reg[0][0] was removed.  [C:/Users/Dousik Manokaran/Downloads/Centient/Queen Successor Selection Engine - QSSE/Queen Successor Selection Engine - QSSE.srcs/sources_1/new/top.v:73]
WARNING: [Synth 8-6014] Unused sequential element dz2_reg[0][1] was removed.  [C:/Users/Dousik Manokaran/Downloads/Centient/Queen Successor Selection Engine - QSSE/Queen Successor Selection Engine - QSSE.srcs/sources_1/new/top.v:73]
WARNING: [Synth 8-6014] Unused sequential element dz2_reg[0][2] was removed.  [C:/Users/Dousik Manokaran/Downloads/Centient/Queen Successor Selection Engine - QSSE/Queen Successor Selection Engine - QSSE.srcs/sources_1/new/top.v:73]
WARNING: [Synth 8-6014] Unused sequential element dz2_reg[1][0] was removed.  [C:/Users/Dousik Manokaran/Downloads/Centient/Queen Successor Selection Engine - QSSE/Queen Successor Selection Engine - QSSE.srcs/sources_1/new/top.v:73]
WARNING: [Synth 8-6014] Unused sequential element dz2_reg[1][1] was removed.  [C:/Users/Dousik Manokaran/Downloads/Centient/Queen Successor Selection Engine - QSSE/Queen Successor Selection Engine - QSSE.srcs/sources_1/new/top.v:73]
WARNING: [Synth 8-6014] Unused sequential element dz2_reg[1][2] was removed.  [C:/Users/Dousik Manokaran/Downloads/Centient/Queen Successor Selection Engine - QSSE/Queen Successor Selection Engine - QSSE.srcs/sources_1/new/top.v:73]
WARNING: [Synth 8-6014] Unused sequential element dz2_reg[2][0] was removed.  [C:/Users/Dousik Manokaran/Downloads/Centient/Queen Successor Selection Engine - QSSE/Queen Successor Selection Engine - QSSE.srcs/sources_1/new/top.v:73]
WARNING: [Synth 8-6014] Unused sequential element dz2_reg[2][1] was removed.  [C:/Users/Dousik Manokaran/Downloads/Centient/Queen Successor Selection Engine - QSSE/Queen Successor Selection Engine - QSSE.srcs/sources_1/new/top.v:73]
WARNING: [Synth 8-6014] Unused sequential element dz2_reg[2][2] was removed.  [C:/Users/Dousik Manokaran/Downloads/Centient/Queen Successor Selection Engine - QSSE/Queen Successor Selection Engine - QSSE.srcs/sources_1/new/top.v:73]
WARNING: [Synth 8-6014] Unused sequential element dz2_reg[3][0] was removed.  [C:/Users/Dousik Manokaran/Downloads/Centient/Queen Successor Selection Engine - QSSE/Queen Successor Selection Engine - QSSE.srcs/sources_1/new/top.v:73]
WARNING: [Synth 8-6014] Unused sequential element dz2_reg[3][1] was removed.  [C:/Users/Dousik Manokaran/Downloads/Centient/Queen Successor Selection Engine - QSSE/Queen Successor Selection Engine - QSSE.srcs/sources_1/new/top.v:73]
WARNING: [Synth 8-6014] Unused sequential element dz2_reg[3][2] was removed.  [C:/Users/Dousik Manokaran/Downloads/Centient/Queen Successor Selection Engine - QSSE/Queen Successor Selection Engine - QSSE.srcs/sources_1/new/top.v:73]
WARNING: [Synth 8-6014] Unused sequential element dz2_reg[3][3] was removed.  [C:/Users/Dousik Manokaran/Downloads/Centient/Queen Successor Selection Engine - QSSE/Queen Successor Selection Engine - QSSE.srcs/sources_1/new/top.v:73]
WARNING: [Synth 8-6014] Unused sequential element dxs_reg[0][0] was removed.  [C:/Users/Dousik Manokaran/Downloads/Centient/Queen Successor Selection Engine - QSSE/Queen Successor Selection Engine - QSSE.srcs/sources_1/new/top.v:84]
WARNING: [Synth 8-6014] Unused sequential element dxs_reg[0][1] was removed.  [C:/Users/Dousik Manokaran/Downloads/Centient/Queen Successor Selection Engine - QSSE/Queen Successor Selection Engine - QSSE.srcs/sources_1/new/top.v:84]
WARNING: [Synth 8-6014] Unused sequential element dxs_reg[0][2] was removed.  [C:/Users/Dousik Manokaran/Downloads/Centient/Queen Successor Selection Engine - QSSE/Queen Successor Selection Engine - QSSE.srcs/sources_1/new/top.v:84]
WARNING: [Synth 8-6014] Unused sequential element dxs_reg[1][0] was removed.  [C:/Users/Dousik Manokaran/Downloads/Centient/Queen Successor Selection Engine - QSSE/Queen Successor Selection Engine - QSSE.srcs/sources_1/new/top.v:84]
WARNING: [Synth 8-6014] Unused sequential element dxs_reg[1][1] was removed.  [C:/Users/Dousik Manokaran/Downloads/Centient/Queen Successor Selection Engine - QSSE/Queen Successor Selection Engine - QSSE.srcs/sources_1/new/top.v:84]
WARNING: [Synth 8-6014] Unused sequential element dxs_reg[1][2] was removed.  [C:/Users/Dousik Manokaran/Downloads/Centient/Queen Successor Selection Engine - QSSE/Queen Successor Selection Engine - QSSE.srcs/sources_1/new/top.v:84]
WARNING: [Synth 8-6014] Unused sequential element dxs_reg[2][0] was removed.  [C:/Users/Dousik Manokaran/Downloads/Centient/Queen Successor Selection Engine - QSSE/Queen Successor Selection Engine - QSSE.srcs/sources_1/new/top.v:84]
WARNING: [Synth 8-6014] Unused sequential element dxs_reg[2][1] was removed.  [C:/Users/Dousik Manokaran/Downloads/Centient/Queen Successor Selection Engine - QSSE/Queen Successor Selection Engine - QSSE.srcs/sources_1/new/top.v:84]
WARNING: [Synth 8-6014] Unused sequential element dxs_reg[2][2] was removed.  [C:/Users/Dousik Manokaran/Downloads/Centient/Queen Successor Selection Engine - QSSE/Queen Successor Selection Engine - QSSE.srcs/sources_1/new/top.v:84]
WARNING: [Synth 8-6014] Unused sequential element dxs_reg[3][0] was removed.  [C:/Users/Dousik Manokaran/Downloads/Centient/Queen Successor Selection Engine - QSSE/Queen Successor Selection Engine - QSSE.srcs/sources_1/new/top.v:84]
WARNING: [Synth 8-6014] Unused sequential element dxs_reg[3][1] was removed.  [C:/Users/Dousik Manokaran/Downloads/Centient/Queen Successor Selection Engine - QSSE/Queen Successor Selection Engine - QSSE.srcs/sources_1/new/top.v:84]
WARNING: [Synth 8-6014] Unused sequential element dxs_reg[3][2] was removed.  [C:/Users/Dousik Manokaran/Downloads/Centient/Queen Successor Selection Engine - QSSE/Queen Successor Selection Engine - QSSE.srcs/sources_1/new/top.v:84]
WARNING: [Synth 8-6014] Unused sequential element dxs_reg[3][3] was removed.  [C:/Users/Dousik Manokaran/Downloads/Centient/Queen Successor Selection Engine - QSSE/Queen Successor Selection Engine - QSSE.srcs/sources_1/new/top.v:84]
WARNING: [Synth 8-6014] Unused sequential element dys_reg[0][0] was removed.  [C:/Users/Dousik Manokaran/Downloads/Centient/Queen Successor Selection Engine - QSSE/Queen Successor Selection Engine - QSSE.srcs/sources_1/new/top.v:85]
WARNING: [Synth 8-6014] Unused sequential element dys_reg[0][1] was removed.  [C:/Users/Dousik Manokaran/Downloads/Centient/Queen Successor Selection Engine - QSSE/Queen Successor Selection Engine - QSSE.srcs/sources_1/new/top.v:85]
WARNING: [Synth 8-6014] Unused sequential element dys_reg[0][2] was removed.  [C:/Users/Dousik Manokaran/Downloads/Centient/Queen Successor Selection Engine - QSSE/Queen Successor Selection Engine - QSSE.srcs/sources_1/new/top.v:85]
WARNING: [Synth 8-6014] Unused sequential element dys_reg[1][0] was removed.  [C:/Users/Dousik Manokaran/Downloads/Centient/Queen Successor Selection Engine - QSSE/Queen Successor Selection Engine - QSSE.srcs/sources_1/new/top.v:85]
WARNING: [Synth 8-6014] Unused sequential element dys_reg[1][1] was removed.  [C:/Users/Dousik Manokaran/Downloads/Centient/Queen Successor Selection Engine - QSSE/Queen Successor Selection Engine - QSSE.srcs/sources_1/new/top.v:85]
WARNING: [Synth 8-6014] Unused sequential element dys_reg[1][2] was removed.  [C:/Users/Dousik Manokaran/Downloads/Centient/Queen Successor Selection Engine - QSSE/Queen Successor Selection Engine - QSSE.srcs/sources_1/new/top.v:85]
WARNING: [Synth 8-6014] Unused sequential element dys_reg[2][0] was removed.  [C:/Users/Dousik Manokaran/Downloads/Centient/Queen Successor Selection Engine - QSSE/Queen Successor Selection Engine - QSSE.srcs/sources_1/new/top.v:85]
WARNING: [Synth 8-6014] Unused sequential element dys_reg[2][1] was removed.  [C:/Users/Dousik Manokaran/Downloads/Centient/Queen Successor Selection Engine - QSSE/Queen Successor Selection Engine - QSSE.srcs/sources_1/new/top.v:85]
WARNING: [Synth 8-6014] Unused sequential element dys_reg[2][2] was removed.  [C:/Users/Dousik Manokaran/Downloads/Centient/Queen Successor Selection Engine - QSSE/Queen Successor Selection Engine - QSSE.srcs/sources_1/new/top.v:85]
WARNING: [Synth 8-6014] Unused sequential element dys_reg[3][0] was removed.  [C:/Users/Dousik Manokaran/Downloads/Centient/Queen Successor Selection Engine - QSSE/Queen Successor Selection Engine - QSSE.srcs/sources_1/new/top.v:85]
WARNING: [Synth 8-6014] Unused sequential element dys_reg[3][1] was removed.  [C:/Users/Dousik Manokaran/Downloads/Centient/Queen Successor Selection Engine - QSSE/Queen Successor Selection Engine - QSSE.srcs/sources_1/new/top.v:85]
WARNING: [Synth 8-6014] Unused sequential element dys_reg[3][2] was removed.  [C:/Users/Dousik Manokaran/Downloads/Centient/Queen Successor Selection Engine - QSSE/Queen Successor Selection Engine - QSSE.srcs/sources_1/new/top.v:85]
WARNING: [Synth 8-6014] Unused sequential element dys_reg[3][3] was removed.  [C:/Users/Dousik Manokaran/Downloads/Centient/Queen Successor Selection Engine - QSSE/Queen Successor Selection Engine - QSSE.srcs/sources_1/new/top.v:85]
WARNING: [Synth 8-6014] Unused sequential element dzs_reg[0][0] was removed.  [C:/Users/Dousik Manokaran/Downloads/Centient/Queen Successor Selection Engine - QSSE/Queen Successor Selection Engine - QSSE.srcs/sources_1/new/top.v:86]
WARNING: [Synth 8-6014] Unused sequential element dzs_reg[0][1] was removed.  [C:/Users/Dousik Manokaran/Downloads/Centient/Queen Successor Selection Engine - QSSE/Queen Successor Selection Engine - QSSE.srcs/sources_1/new/top.v:86]
WARNING: [Synth 8-6014] Unused sequential element dzs_reg[0][2] was removed.  [C:/Users/Dousik Manokaran/Downloads/Centient/Queen Successor Selection Engine - QSSE/Queen Successor Selection Engine - QSSE.srcs/sources_1/new/top.v:86]
WARNING: [Synth 8-6014] Unused sequential element dzs_reg[1][0] was removed.  [C:/Users/Dousik Manokaran/Downloads/Centient/Queen Successor Selection Engine - QSSE/Queen Successor Selection Engine - QSSE.srcs/sources_1/new/top.v:86]
WARNING: [Synth 8-6014] Unused sequential element dzs_reg[1][1] was removed.  [C:/Users/Dousik Manokaran/Downloads/Centient/Queen Successor Selection Engine - QSSE/Queen Successor Selection Engine - QSSE.srcs/sources_1/new/top.v:86]
WARNING: [Synth 8-6014] Unused sequential element dzs_reg[1][2] was removed.  [C:/Users/Dousik Manokaran/Downloads/Centient/Queen Successor Selection Engine - QSSE/Queen Successor Selection Engine - QSSE.srcs/sources_1/new/top.v:86]
WARNING: [Synth 8-6014] Unused sequential element dzs_reg[2][0] was removed.  [C:/Users/Dousik Manokaran/Downloads/Centient/Queen Successor Selection Engine - QSSE/Queen Successor Selection Engine - QSSE.srcs/sources_1/new/top.v:86]
WARNING: [Synth 8-6014] Unused sequential element dzs_reg[2][1] was removed.  [C:/Users/Dousik Manokaran/Downloads/Centient/Queen Successor Selection Engine - QSSE/Queen Successor Selection Engine - QSSE.srcs/sources_1/new/top.v:86]
WARNING: [Synth 8-6014] Unused sequential element dzs_reg[2][2] was removed.  [C:/Users/Dousik Manokaran/Downloads/Centient/Queen Successor Selection Engine - QSSE/Queen Successor Selection Engine - QSSE.srcs/sources_1/new/top.v:86]
WARNING: [Synth 8-6014] Unused sequential element dzs_reg[3][0] was removed.  [C:/Users/Dousik Manokaran/Downloads/Centient/Queen Successor Selection Engine - QSSE/Queen Successor Selection Engine - QSSE.srcs/sources_1/new/top.v:86]
WARNING: [Synth 8-6014] Unused sequential element dzs_reg[3][1] was removed.  [C:/Users/Dousik Manokaran/Downloads/Centient/Queen Successor Selection Engine - QSSE/Queen Successor Selection Engine - QSSE.srcs/sources_1/new/top.v:86]
WARNING: [Synth 8-6014] Unused sequential element dzs_reg[3][2] was removed.  [C:/Users/Dousik Manokaran/Downloads/Centient/Queen Successor Selection Engine - QSSE/Queen Successor Selection Engine - QSSE.srcs/sources_1/new/top.v:86]
WARNING: [Synth 8-6014] Unused sequential element dzs_reg[3][3] was removed.  [C:/Users/Dousik Manokaran/Downloads/Centient/Queen Successor Selection Engine - QSSE/Queen Successor Selection Engine - QSSE.srcs/sources_1/new/top.v:86]
WARNING: [Synth 8-6014] Unused sequential element d2s_reg[0][0] was removed.  [C:/Users/Dousik Manokaran/Downloads/Centient/Queen Successor Selection Engine - QSSE/Queen Successor Selection Engine - QSSE.srcs/sources_1/new/top.v:96]
WARNING: [Synth 8-6014] Unused sequential element d2s_reg[0][1] was removed.  [C:/Users/Dousik Manokaran/Downloads/Centient/Queen Successor Selection Engine - QSSE/Queen Successor Selection Engine - QSSE.srcs/sources_1/new/top.v:96]
WARNING: [Synth 8-6014] Unused sequential element d2s_reg[0][2] was removed.  [C:/Users/Dousik Manokaran/Downloads/Centient/Queen Successor Selection Engine - QSSE/Queen Successor Selection Engine - QSSE.srcs/sources_1/new/top.v:96]
WARNING: [Synth 8-6014] Unused sequential element d2s_reg[1][0] was removed.  [C:/Users/Dousik Manokaran/Downloads/Centient/Queen Successor Selection Engine - QSSE/Queen Successor Selection Engine - QSSE.srcs/sources_1/new/top.v:96]
WARNING: [Synth 8-6014] Unused sequential element d2s_reg[1][1] was removed.  [C:/Users/Dousik Manokaran/Downloads/Centient/Queen Successor Selection Engine - QSSE/Queen Successor Selection Engine - QSSE.srcs/sources_1/new/top.v:96]
WARNING: [Synth 8-6014] Unused sequential element d2s_reg[1][2] was removed.  [C:/Users/Dousik Manokaran/Downloads/Centient/Queen Successor Selection Engine - QSSE/Queen Successor Selection Engine - QSSE.srcs/sources_1/new/top.v:96]
WARNING: [Synth 8-6014] Unused sequential element d2s_reg[2][0] was removed.  [C:/Users/Dousik Manokaran/Downloads/Centient/Queen Successor Selection Engine - QSSE/Queen Successor Selection Engine - QSSE.srcs/sources_1/new/top.v:96]
WARNING: [Synth 8-6014] Unused sequential element d2s_reg[2][1] was removed.  [C:/Users/Dousik Manokaran/Downloads/Centient/Queen Successor Selection Engine - QSSE/Queen Successor Selection Engine - QSSE.srcs/sources_1/new/top.v:96]
WARNING: [Synth 8-6014] Unused sequential element d2s_reg[2][2] was removed.  [C:/Users/Dousik Manokaran/Downloads/Centient/Queen Successor Selection Engine - QSSE/Queen Successor Selection Engine - QSSE.srcs/sources_1/new/top.v:96]
INFO: [Common 17-14] Message 'Synth 8-6014' appears 100 times and further instances of the messages will be disabled. Use the Tcl command set_msg_config to change the current settings.
WARNING: [Synth 8-7129] Port snr00[7] in module top is either unconnected or has no load
WARNING: [Synth 8-7129] Port snr00[6] in module top is either unconnected or has no load
WARNING: [Synth 8-7129] Port snr00[5] in module top is either unconnected or has no load
WARNING: [Synth 8-7129] Port snr00[4] in module top is either unconnected or has no load
WARNING: [Synth 8-7129] Port snr00[3] in module top is either unconnected or has no load
WARNING: [Synth 8-7129] Port snr00[2] in module top is either unconnected or has no load
WARNING: [Synth 8-7129] Port snr00[1] in module top is either unconnected or has no load
WARNING: [Synth 8-7129] Port snr00[0] in module top is either unconnected or has no load
WARNING: [Synth 8-7129] Port snr01[7] in module top is either unconnected or has no load
WARNING: [Synth 8-7129] Port snr01[6] in module top is either unconnected or has no load
WARNING: [Synth 8-7129] Port snr01[5] in module top is either unconnected or has no load
WARNING: [Synth 8-7129] Port snr01[4] in module top is either unconnected or has no load
WARNING: [Synth 8-7129] Port snr01[3] in module top is either unconnected or has no load
WARNING: [Synth 8-7129] Port snr01[2] in module top is either unconnected or has no load
WARNING: [Synth 8-7129] Port snr01[1] in module top is either unconnected or has no load
WARNING: [Synth 8-7129] Port snr01[0] in module top is either unconnected or has no load
WARNING: [Synth 8-7129] Port snr02[7] in module top is either unconnected or has no load
WARNING: [Synth 8-7129] Port snr02[6] in module top is either unconnected or has no load
WARNING: [Synth 8-7129] Port snr02[5] in module top is either unconnected or has no load
WARNING: [Synth 8-7129] Port snr02[4] in module top is either unconnected or has no load
WARNING: [Synth 8-7129] Port snr02[3] in module top is either unconnected or has no load
WARNING: [Synth 8-7129] Port snr02[2] in module top is either unconnected or has no load
WARNING: [Synth 8-7129] Port snr02[1] in module top is either unconnected or has no load
WARNING: [Synth 8-7129] Port snr02[0] in module top is either unconnected or has no load
WARNING: [Synth 8-7129] Port snr10[7] in module top is either unconnected or has no load
WARNING: [Synth 8-7129] Port snr10[6] in module top is either unconnected or has no load
WARNING: [Synth 8-7129] Port snr10[5] in module top is either unconnected or has no load
WARNING: [Synth 8-7129] Port snr10[4] in module top is either unconnected or has no load
WARNING: [Synth 8-7129] Port snr10[3] in module top is either unconnected or has no load
WARNING: [Synth 8-7129] Port snr10[2] in module top is either unconnected or has no load
WARNING: [Synth 8-7129] Port snr10[1] in module top is either unconnected or has no load
WARNING: [Synth 8-7129] Port snr10[0] in module top is either unconnected or has no load
WARNING: [Synth 8-7129] Port snr11[7] in module top is either unconnected or has no load
WARNING: [Synth 8-7129] Port snr11[6] in module top is either unconnected or has no load
WARNING: [Synth 8-7129] Port snr11[5] in module top is either unconnected or has no load
WARNING: [Synth 8-7129] Port snr11[4] in module top is either unconnected or has no load
WARNING: [Synth 8-7129] Port snr11[3] in module top is either unconnected or has no load
WARNING: [Synth 8-7129] Port snr11[2] in module top is either unconnected or has no load
WARNING: [Synth 8-7129] Port snr11[1] in module top is either unconnected or has no load
WARNING: [Synth 8-7129] Port snr11[0] in module top is either unconnected or has no load
WARNING: [Synth 8-7129] Port snr12[7] in module top is either unconnected or has no load
WARNING: [Synth 8-7129] Port snr12[6] in module top is either unconnected or has no load
WARNING: [Synth 8-7129] Port snr12[5] in module top is either unconnected or has no load
WARNING: [Synth 8-7129] Port snr12[4] in module top is either unconnected or has no load
WARNING: [Synth 8-7129] Port snr12[3] in module top is either unconnected or has no load
WARNING: [Synth 8-7129] Port snr12[2] in module top is either unconnected or has no load
WARNING: [Synth 8-7129] Port snr12[1] in module top is either unconnected or has no load
WARNING: [Synth 8-7129] Port snr12[0] in module top is either unconnected or has no load
WARNING: [Synth 8-7129] Port snr20[7] in module top is either unconnected or has no load
WARNING: [Synth 8-7129] Port snr20[6] in module top is either unconnected or has no load
WARNING: [Synth 8-7129] Port snr20[5] in module top is either unconnected or has no load
WARNING: [Synth 8-7129] Port snr20[4] in module top is either unconnected or has no load
WARNING: [Synth 8-7129] Port snr20[3] in module top is either unconnected or has no load
WARNING: [Synth 8-7129] Port snr20[2] in module top is either unconnected or has no load
WARNING: [Synth 8-7129] Port snr20[1] in module top is either unconnected or has no load
WARNING: [Synth 8-7129] Port snr20[0] in module top is either unconnected or has no load
WARNING: [Synth 8-7129] Port snr21[7] in module top is either unconnected or has no load
WARNING: [Synth 8-7129] Port snr21[6] in module top is either unconnected or has no load
WARNING: [Synth 8-7129] Port snr21[5] in module top is either unconnected or has no load
WARNING: [Synth 8-7129] Port snr21[4] in module top is either unconnected or has no load
WARNING: [Synth 8-7129] Port snr21[3] in module top is either unconnected or has no load
WARNING: [Synth 8-7129] Port snr21[2] in module top is either unconnected or has no load
WARNING: [Synth 8-7129] Port snr21[1] in module top is either unconnected or has no load
WARNING: [Synth 8-7129] Port snr21[0] in module top is either unconnected or has no load
WARNING: [Synth 8-7129] Port snr22[7] in module top is either unconnected or has no load
WARNING: [Synth 8-7129] Port snr22[6] in module top is either unconnected or has no load
WARNING: [Synth 8-7129] Port snr22[5] in module top is either unconnected or has no load
WARNING: [Synth 8-7129] Port snr22[4] in module top is either unconnected or has no load
WARNING: [Synth 8-7129] Port snr22[3] in module top is either unconnected or has no load
WARNING: [Synth 8-7129] Port snr22[2] in module top is either unconnected or has no load
WARNING: [Synth 8-7129] Port snr22[1] in module top is either unconnected or has no load
WARNING: [Synth 8-7129] Port snr22[0] in module top is either unconnected or has no load
WARNING: [Synth 8-7129] Port snr30[7] in module top is either unconnected or has no load
WARNING: [Synth 8-7129] Port snr30[6] in module top is either unconnected or has no load
WARNING: [Synth 8-7129] Port snr30[5] in module top is either unconnected or has no load
WARNING: [Synth 8-7129] Port snr30[4] in module top is either unconnected or has no load
WARNING: [Synth 8-7129] Port snr30[3] in module top is either unconnected or has no load
WARNING: [Synth 8-7129] Port snr30[2] in module top is either unconnected or has no load
WARNING: [Synth 8-7129] Port snr30[1] in module top is either unconnected or has no load
WARNING: [Synth 8-7129] Port snr30[0] in module top is either unconnected or has no load
WARNING: [Synth 8-7129] Port snr31[7] in module top is either unconnected or has no load
WARNING: [Synth 8-7129] Port snr31[6] in module top is either unconnected or has no load
WARNING: [Synth 8-7129] Port snr31[5] in module top is either unconnected or has no load
WARNING: [Synth 8-7129] Port snr31[4] in module top is either unconnected or has no load
WARNING: [Synth 8-7129] Port snr31[3] in module top is either unconnected or has no load
WARNING: [Synth 8-7129] Port snr31[2] in module top is either unconnected or has no load
WARNING: [Synth 8-7129] Port snr31[1] in module top is either unconnected or has no load
WARNING: [Synth 8-7129] Port snr31[0] in module top is either unconnected or has no load
WARNING: [Synth 8-7129] Port snr32[7] in module top is either unconnected or has no load
WARNING: [Synth 8-7129] Port snr32[6] in module top is either unconnected or has no load
WARNING: [Synth 8-7129] Port snr32[5] in module top is either unconnected or has no load
WARNING: [Synth 8-7129] Port snr32[4] in module top is either unconnected or has no load
WARNING: [Synth 8-7129] Port snr32[3] in module top is either unconnected or has no load
WARNING: [Synth 8-7129] Port snr32[2] in module top is either unconnected or has no load
WARNING: [Synth 8-7129] Port snr32[1] in module top is either unconnected or has no load
WARNING: [Synth 8-7129] Port snr32[0] in module top is either unconnected or has no load
WARNING: [Synth 8-7129] Port snr33[7] in module top is either unconnected or has no load
WARNING: [Synth 8-7129] Port snr33[6] in module top is either unconnected or has no load
WARNING: [Synth 8-7129] Port snr33[5] in module top is either unconnected or has no load
WARNING: [Synth 8-7129] Port snr33[4] in module top is either unconnected or has no load
INFO: [Common 17-14] Message 'Synth 8-7129' appears 100 times and further instances of the messages will be disabled. Use the Tcl command set_msg_config to change the current settings.
---------------------------------------------------------------------------------
Finished Synthesize : Time (s): cpu = 00:00:09 ; elapsed = 00:00:10 . Memory (MB): peak = 1218.723 ; gain = 605.910
---------------------------------------------------------------------------------
---------------------------------------------------------------------------------
Finished Constraint Validation : Time (s): cpu = 00:00:10 ; elapsed = 00:00:11 . Memory (MB): peak = 1218.723 ; gain = 605.910
---------------------------------------------------------------------------------
---------------------------------------------------------------------------------
Start Loading Part and Timing Information
---------------------------------------------------------------------------------
Loading part: xc7z020clg484-1
---------------------------------------------------------------------------------
Finished Loading Part and Timing Information : Time (s): cpu = 00:00:10 ; elapsed = 00:00:11 . Memory (MB): peak = 1218.723 ; gain = 605.910
---------------------------------------------------------------------------------
INFO: [Device 21-403] Loading part xc7z020clg484-1
---------------------------------------------------------------------------------
Finished RTL Optimization Phase 2 : Time (s): cpu = 00:00:12 ; elapsed = 00:00:12 . Memory (MB): peak = 1218.723 ; gain = 605.910
---------------------------------------------------------------------------------
No constraint files found.
---------------------------------------------------------------------------------
Start RTL Component Statistics 
---------------------------------------------------------------------------------
Detailed RTL Component Info : 
+---Adders : 
	   3 Input   32 Bit       Adders := 3     
	   3 Input   15 Bit       Adders := 9     
+---Registers : 
	               32 Bit    Registers := 9     
	               24 Bit    Registers := 6     
	               14 Bit    Registers := 21    
	                8 Bit    Registers := 7     
	                2 Bit    Registers := 3     
	                1 Bit    Registers := 6     
+---Muxes : 
	   2 Input   24 Bit        Muxes := 3     
	   3 Input    2 Bit        Muxes := 1     
	   2 Input    1 Bit        Muxes := 4     
---------------------------------------------------------------------------------
Finished RTL Component Statistics 
---------------------------------------------------------------------------------
---------------------------------------------------------------------------------
Start Part Resource Summary
---------------------------------------------------------------------------------
Part Resources:
DSPs: 220 (col length:60)
BRAMs: 280 (col length: RAMB18 60 RAMB36 30)
---------------------------------------------------------------------------------
Finished Part Resource Summary
---------------------------------------------------------------------------------
No constraint files found.
---------------------------------------------------------------------------------
Start Cross Boundary and Area Optimization
---------------------------------------------------------------------------------
WARNING: [Synth 8-7080] Parallel synthesis criteria is not met
DSP Report: Generating DSP dys_reg[0][3], operation Mode is: ((D'-A2)*B2)'.
DSP Report: register ry1_reg[0] is absorbed into DSP dys_reg[0][3].
DSP Report: register dy2_reg[0][3] is absorbed into DSP dys_reg[0][3].
DSP Report: register ry1_reg[3] is absorbed into DSP dys_reg[0][3].
DSP Report: register dys_reg[0][3] is absorbed into DSP dys_reg[0][3].
DSP Report: register dy2_reg[0][3] is absorbed into DSP dys_reg[0][3].
DSP Report: operator p_0_out is absorbed into DSP dys_reg[0][3].
DSP Report: operator p_1_out is absorbed into DSP dys_reg[0][3].
DSP Report: Generating DSP dzs_reg[0][3], operation Mode is: ((D'-A2)*B2)'.
DSP Report: register rz1_reg[0] is absorbed into DSP dzs_reg[0][3].
DSP Report: register dz2_reg[0][3] is absorbed into DSP dzs_reg[0][3].
DSP Report: register rz1_reg[3] is absorbed into DSP dzs_reg[0][3].
DSP Report: register dzs_reg[0][3] is absorbed into DSP dzs_reg[0][3].
DSP Report: register dz2_reg[0][3] is absorbed into DSP dzs_reg[0][3].
DSP Report: operator p_0_out is absorbed into DSP dzs_reg[0][3].
DSP Report: operator p_1_out is absorbed into DSP dzs_reg[0][3].
DSP Report: Generating DSP dxs_reg[0][3], operation Mode is: ((D'-A2)*B2)'.
DSP Report: register rx1_reg[0] is absorbed into DSP dxs_reg[0][3].
DSP Report: register dx2_reg[0][3] is absorbed into DSP dxs_reg[0][3].
DSP Report: register rx1_reg[3] is absorbed into DSP dxs_reg[0][3].
DSP Report: register dxs_reg[0][3] is absorbed into DSP dxs_reg[0][3].
DSP Report: register dx2_reg[0][3] is absorbed into DSP dxs_reg[0][3].
DSP Report: operator p_0_out is absorbed into DSP dxs_reg[0][3].
DSP Report: operator p_1_out is absorbed into DSP dxs_reg[0][3].
DSP Report: Generating DSP dys_reg[1][3], operation Mode is: ((D'-A2)*B2)'.
DSP Report: register ry1_reg[1] is absorbed into DSP dys_reg[1][3].
DSP Report: register dy2_reg[1][3] is absorbed into DSP dys_reg[1][3].
DSP Report: register ry1_reg[3] is absorbed into DSP dys_reg[1][3].
DSP Report: register dys_reg[1][3] is absorbed into DSP dys_reg[1][3].
DSP Report: register dy2_reg[1][3] is absorbed into DSP dys_reg[1][3].
DSP Report: operator p_0_out is absorbed into DSP dys_reg[1][3].
DSP Report: operator p_1_out is absorbed into DSP dys_reg[1][3].
DSP Report: Generating DSP dzs_reg[1][3], operation Mode is: ((D'-A2)*B2)'.
DSP Report: register rz1_reg[1] is absorbed into DSP dzs_reg[1][3].
DSP Report: register dz2_reg[1][3] is absorbed into DSP dzs_reg[1][3].
DSP Report: register rz1_reg[3] is absorbed into DSP dzs_reg[1][3].
DSP Report: register dzs_reg[1][3] is absorbed into DSP dzs_reg[1][3].
DSP Report: register dz2_reg[1][3] is absorbed into DSP dzs_reg[1][3].
DSP Report: operator p_0_out is absorbed into DSP dzs_reg[1][3].
DSP Report: operator p_1_out is absorbed into DSP dzs_reg[1][3].
DSP Report: Generating DSP dxs_reg[1][3], operation Mode is: ((D'-A2)*B2)'.
DSP Report: register rx1_reg[1] is absorbed into DSP dxs_reg[1][3].
DSP Report: register dx2_reg[1][3] is absorbed into DSP dxs_reg[1][3].
DSP Report: register rx1_reg[3] is absorbed into DSP dxs_reg[1][3].
DSP Report: register dxs_reg[1][3] is absorbed into DSP dxs_reg[1][3].
DSP Report: register dx2_reg[1][3] is absorbed into DSP dxs_reg[1][3].
DSP Report: operator p_0_out is absorbed into DSP dxs_reg[1][3].
DSP Report: operator p_1_out is absorbed into DSP dxs_reg[1][3].
DSP Report: Generating DSP dys_reg[2][3], operation Mode is: ((D'-A2)*B2)'.
DSP Report: register ry1_reg[2] is absorbed into DSP dys_reg[2][3].
DSP Report: register dy2_reg[2][3] is absorbed into DSP dys_reg[2][3].
DSP Report: register ry1_reg[3] is absorbed into DSP dys_reg[2][3].
DSP Report: register dys_reg[2][3] is absorbed into DSP dys_reg[2][3].
DSP Report: register dy2_reg[2][3] is absorbed into DSP dys_reg[2][3].
DSP Report: operator p_0_out is absorbed into DSP dys_reg[2][3].
DSP Report: operator p_1_out is absorbed into DSP dys_reg[2][3].
DSP Report: Generating DSP dzs_reg[2][3], operation Mode is: ((D'-A2)*B2)'.
DSP Report: register rz1_reg[2] is absorbed into DSP dzs_reg[2][3].
DSP Report: register dz2_reg[2][3] is absorbed into DSP dzs_reg[2][3].
DSP Report: register rz1_reg[3] is absorbed into DSP dzs_reg[2][3].
DSP Report: register dzs_reg[2][3] is absorbed into DSP dzs_reg[2][3].
DSP Report: register dz2_reg[2][3] is absorbed into DSP dzs_reg[2][3].
DSP Report: operator p_0_out is absorbed into DSP dzs_reg[2][3].
DSP Report: operator p_1_out is absorbed into DSP dzs_reg[2][3].
DSP Report: Generating DSP dxs_reg[2][3], operation Mode is: ((D'-A2)*B2)'.
DSP Report: register rx1_reg[2] is absorbed into DSP dxs_reg[2][3].
DSP Report: register dx2_reg[2][3] is absorbed into DSP dxs_reg[2][3].
DSP Report: register rx1_reg[3] is absorbed into DSP dxs_reg[2][3].
DSP Report: register dxs_reg[2][3] is absorbed into DSP dxs_reg[2][3].
DSP Report: register dx2_reg[2][3] is absorbed into DSP dxs_reg[2][3].
DSP Report: operator p_0_out is absorbed into DSP dxs_reg[2][3].
DSP Report: operator p_1_out is absorbed into DSP dxs_reg[2][3].
---------------------------------------------------------------------------------
Finished Cross Boundary and Area Optimization : Time (s): cpu = 00:00:22 ; elapsed = 00:00:24 . Memory (MB): peak = 1489.098 ; gain = 876.285
---------------------------------------------------------------------------------
 Sort Area is  dxs_reg[0][3]_0 : 0 0 : 1903 1903 : Used 1 time 0
 Sort Area is  dxs_reg[1][3]_7 : 0 0 : 1903 1903 : Used 1 time 0
 Sort Area is  dxs_reg[2][3]_4 : 0 0 : 1903 1903 : Used 1 time 0
 Sort Area is  dys_reg[0][3]_3 : 0 0 : 1903 1903 : Used 1 time 0
 Sort Area is  dys_reg[1][3]_9 : 0 0 : 1903 1903 : Used 1 time 0
 Sort Area is  dys_reg[2][3]_6 : 0 0 : 1903 1903 : Used 1 time 0
 Sort Area is  dzs_reg[0][3]_2 : 0 0 : 1903 1903 : Used 1 time 0
 Sort Area is  dzs_reg[1][3]_8 : 0 0 : 1903 1903 : Used 1 time 0
 Sort Area is  dzs_reg[2][3]_5 : 0 0 : 1903 1903 : Used 1 time 0
---------------------------------------------------------------------------------
Start ROM, RAM, DSP, Shift Register and Retiming Reporting
---------------------------------------------------------------------------------

DSP: Preliminary Mapping Report (see note below. The ' indicates corresponding REG is set)
+------------+---------------+--------+--------+--------+--------+--------+------+------+------+------+-------+------+------+
|Module Name | DSP Mapping   | A Size | B Size | C Size | D Size | P Size | AREG | BREG | CREG | DREG | ADREG | MREG | PREG | 
+------------+---------------+--------+--------+--------+--------+--------+------+------+------+------+-------+------+------+
|top         | ((D'-A2)*B2)' | 14     | 15     | -      | 14     | 30     | 1    | 1    | -    | 1    | 1     | 1    | 0    | 
|top         | ((D'-A2)*B2)' | 14     | 15     | -      | 14     | 30     | 1    | 1    | -    | 1    | 1     | 1    | 0    | 
|top         | ((D'-A2)*B2)' | 14     | 15     | -      | 14     | 30     | 1    | 1    | -    | 1    | 1     | 1    | 0    | 
|top         | ((D'-A2)*B2)' | 14     | 15     | -      | 14     | 30     | 1    | 1    | -    | 1    | 1     | 1    | 0    | 
|top         | ((D'-A2)*B2)' | 14     | 15     | -      | 14     | 30     | 1    | 1    | -    | 1    | 1     | 1    | 0    | 
|top         | ((D'-A2)*B2)' | 14     | 15     | -      | 14     | 30     | 1    | 1    | -    | 1    | 1     | 1    | 0    | 
|top         | ((D'-A2)*B2)' | 14     | 15     | -      | 14     | 30     | 1    | 1    | -    | 1    | 1     | 1    | 0    | 
|top         | ((D'-A2)*B2)' | 14     | 15     | -      | 14     | 30     | 1    | 1    | -    | 1    | 1     | 1    | 0    | 
|top         | ((D'-A2)*B2)' | 14     | 15     | -      | 14     | 30     | 1    | 1    | -    | 1    | 1     | 1    | 0    | 
+------------+---------------+--------+--------+--------+--------+--------+------+------+------+------+-------+------+------+

Note: The table above is a preliminary report that shows the DSPs inferred at the current stage of the synthesis flow. Some DSP may be reimplemented as non DSP primitives later in the synthesis flow. Multiple instantiated DSPs are reported only once.
---------------------------------------------------------------------------------
Finished ROM, RAM, DSP, Shift Register and Retiming Reporting
---------------------------------------------------------------------------------
No constraint files found.
---------------------------------------------------------------------------------
Start Timing Optimization
---------------------------------------------------------------------------------
---------------------------------------------------------------------------------
Finished Timing Optimization : Time (s): cpu = 00:00:23 ; elapsed = 00:00:25 . Memory (MB): peak = 1489.098 ; gain = 876.285
---------------------------------------------------------------------------------
---------------------------------------------------------------------------------
Start Technology Mapping
---------------------------------------------------------------------------------
---------------------------------------------------------------------------------
Finished Technology Mapping : Time (s): cpu = 00:00:24 ; elapsed = 00:00:26 . Memory (MB): peak = 1495.090 ; gain = 882.277
---------------------------------------------------------------------------------
---------------------------------------------------------------------------------
Start IO Insertion
---------------------------------------------------------------------------------
---------------------------------------------------------------------------------
Start Flattening Before IO Insertion
---------------------------------------------------------------------------------
---------------------------------------------------------------------------------
Finished Flattening Before IO Insertion
---------------------------------------------------------------------------------
---------------------------------------------------------------------------------
Start Final Netlist Cleanup
---------------------------------------------------------------------------------
---------------------------------------------------------------------------------
Start Gated Clock Conversion
---------------------------------------------------------------------------------
Gated Clock Conversion mode: on
Starting Gated Clock analysis for module 'top'
[INFO] Found 0 combinational gated clocks in this module ('top')
End Gated Clock analysis for module 'top'
-----------------------------------------------

Report Gated Clocks: 
+-+---------------------+-----------+------------+---------+--------+--------+------+
| |Gated Clock net name |Clock Name |Gating Type |#FF/SRLs |#RAMs_A |#RAMs_B |#DSPs |
+-+---------------------+-----------+------------+---------+--------+--------+------+
+-+---------------------+-----------+------------+---------+--------+--------+------+
---------------------------------------------------------------------------------
End Gated Clock Conversion
---------------------------------------------------------------------------------
---------------------------------------------------------------------------------
Finished Final Netlist Cleanup
---------------------------------------------------------------------------------
---------------------------------------------------------------------------------
Finished IO Insertion : Time (s): cpu = 00:00:30 ; elapsed = 00:00:32 . Memory (MB): peak = 1681.793 ; gain = 1068.980
---------------------------------------------------------------------------------
---------------------------------------------------------------------------------
Start Renaming Generated Instances
---------------------------------------------------------------------------------
---------------------------------------------------------------------------------
Finished Renaming Generated Instances : Time (s): cpu = 00:00:30 ; elapsed = 00:00:32 . Memory (MB): peak = 1681.793 ; gain = 1068.980
---------------------------------------------------------------------------------
---------------------------------------------------------------------------------
Start Rebuilding User Hierarchy
---------------------------------------------------------------------------------
---------------------------------------------------------------------------------
Finished Rebuilding User Hierarchy : Time (s): cpu = 00:00:30 ; elapsed = 00:00:32 . Memory (MB): peak = 1681.793 ; gain = 1068.980
---------------------------------------------------------------------------------
---------------------------------------------------------------------------------
Start Renaming Generated Ports
---------------------------------------------------------------------------------
---------------------------------------------------------------------------------
Finished Renaming Generated Ports : Time (s): cpu = 00:00:30 ; elapsed = 00:00:32 . Memory (MB): peak = 1681.793 ; gain = 1068.980
---------------------------------------------------------------------------------
---------------------------------------------------------------------------------
Start Handling Custom Attributes
---------------------------------------------------------------------------------
---------------------------------------------------------------------------------
Finished Handling Custom Attributes : Time (s): cpu = 00:00:30 ; elapsed = 00:00:32 . Memory (MB): peak = 1681.793 ; gain = 1068.980
---------------------------------------------------------------------------------
---------------------------------------------------------------------------------
Start Renaming Generated Nets
---------------------------------------------------------------------------------
---------------------------------------------------------------------------------
Finished Renaming Generated Nets : Time (s): cpu = 00:00:30 ; elapsed = 00:00:32 . Memory (MB): peak = 1681.793 ; gain = 1068.980
---------------------------------------------------------------------------------
---------------------------------------------------------------------------------
Start Writing Synthesis Report
---------------------------------------------------------------------------------

DSP Final Report (the ' indicates corresponding REG is set)
+------------+----------------+--------+--------+--------+--------+--------+------+------+------+------+-------+------+------+
|Module Name | DSP Mapping    | A Size | B Size | C Size | D Size | P Size | AREG | BREG | CREG | DREG | ADREG | MREG | PREG | 
+------------+----------------+--------+--------+--------+--------+--------+------+------+------+------+-------+------+------+
|top         | ((D'-A')'*B')' | 30     | 18     | -      | 25     | 30     | 1    | 1    | -    | 1    | 1     | 0    | 1    | 
|top         | ((D'-A')'*B')' | 30     | 18     | -      | 25     | 30     | 1    | 1    | -    | 1    | 1     | 0    | 1    | 
|top         | ((D'-A')'*B')' | 30     | 18     | -      | 25     | 30     | 1    | 1    | -    | 1    | 1     | 0    | 1    | 
|top         | ((D'-A')'*B')' | 30     | 18     | -      | 25     | 30     | 1    | 1    | -    | 1    | 1     | 0    | 1    | 
|top         | ((D'-A')'*B')' | 30     | 18     | -      | 25     | 30     | 1    | 1    | -    | 1    | 1     | 0    | 1    | 
|top         | ((D'-A')'*B')' | 30     | 18     | -      | 25     | 30     | 1    | 1    | -    | 1    | 1     | 0    | 1    | 
|top         | ((D'-A')'*B')' | 30     | 18     | -      | 25     | 30     | 1    | 1    | -    | 1    | 1     | 0    | 1    | 
|top         | ((D'-A')'*B')' | 30     | 18     | -      | 25     | 30     | 1    | 1    | -    | 1    | 1     | 0    | 1    | 
|top         | ((D'-A')'*B')' | 30     | 18     | -      | 25     | 30     | 1    | 1    | -    | 1    | 1     | 0    | 1    | 
+------------+----------------+--------+--------+--------+--------+--------+------+------+------+------+-------+------+------+


Report BlackBoxes: 
+-+--------------+----------+
| |BlackBox name |Instances |
+-+--------------+----------+
+-+--------------+----------+

Report Cell Usage: 
+------+--------+------+
|      |Cell    |Count |
+------+--------+------+
|1     |BUFG    |     1|
|2     |CARRY4  |  1090|
|3     |DSP48E1 |     9|
|4     |LUT1    |    95|
|5     |LUT2    |   328|
|6     |LUT3    |  3396|
|7     |LUT4    |   311|
|8     |LUT5    |    33|
|9     |LUT6    |    42|
|10    |FDRE    |   572|
|11    |FDSE    |    96|
|12    |IBUF    |   232|
|13    |OBUF    |    27|
+------+--------+------+

Report Instance Areas: 
+------+---------+-------+------+
|      |Instance |Module |Cells |
+------+---------+-------+------+
|1     |top      |       |  6232|
+------+---------+-------+------+
---------------------------------------------------------------------------------
Finished Writing Synthesis Report : Time (s): cpu = 00:00:30 ; elapsed = 00:00:33 . Memory (MB): peak = 1681.793 ; gain = 1068.980
---------------------------------------------------------------------------------
Synthesis finished with 0 errors, 0 critical warnings and 326 warnings.
Synthesis Optimization Runtime : Time (s): cpu = 00:00:30 ; elapsed = 00:00:33 . Memory (MB): peak = 1681.793 ; gain = 1068.980
Synthesis Optimization Complete : Time (s): cpu = 00:00:30 ; elapsed = 00:00:33 . Memory (MB): peak = 1681.793 ; gain = 1068.980
INFO: [Project 1-571] Translating synthesized netlist
Netlist sorting complete. Time (s): cpu = 00:00:00 ; elapsed = 00:00:00.059 . Memory (MB): peak = 1698.781 ; gain = 0.000
INFO: [Netlist 29-17] Analyzing 1099 Unisim elements for replacement
INFO: [Netlist 29-28] Unisim Transformation completed in 0 CPU seconds
WARNING: [Netlist 29-101] Netlist 'top' is not ideal for floorplanning, since the cellview 'top' contains a large number of primitives.  Please consider enabling hierarchy in synthesis if you want to do floorplanning.
INFO: [Project 1-570] Preparing netlist for logic optimization
INFO: [Opt 31-138] Pushed 0 inverter(s) to 0 load pin(s).
Netlist sorting complete. Time (s): cpu = 00:00:00 ; elapsed = 00:00:00.003 . Memory (MB): peak = 1824.293 ; gain = 0.000
INFO: [Project 1-111] Unisim Transformation Summary:
No Unisim elements were transformed.

Synth Design complete | Checksum: dbbaed6
INFO: [Common 17-83] Releasing license: Synthesis
20 Infos, 202 Warnings, 0 Critical Warnings and 0 Errors encountered.
synth_design completed successfully
synth_design: Time (s): cpu = 00:00:34 ; elapsed = 00:00:38 . Memory (MB): peak = 1824.293 ; gain = 1218.473
Write ShapeDB Complete: Time (s): cpu = 00:00:00 ; elapsed = 00:00:00.041 . Memory (MB): peak = 1824.293 ; gain = 0.000
INFO: [Common 17-1381] The checkpoint 'C:/Users/Dousik Manokaran/Downloads/Centient/Queen Successor Selection Engine - QSSE/Queen Successor Selection Engine - QSSE.runs/synth_1/top.dcp' has been generated.
INFO: [Vivado 12-24828] Executing command : report_utilization -file top_utilization_synth.rpt -pb top_utilization_synth.pb
INFO: [Common 17-206] Exiting Vivado at Wed Jan  7 13:25:35 2026...
