Exception at PC 0x00007FFEF5501B39
Unable to capture context for thread 12500 in process 3476, can not generate back trace
Unable to capture context for thread 4628 in process 3476, can not generate back trace
Unable to capture context for thread 11660 in process 3476, can not generate back trace
Exception at PC 0x00007FFEF5501B39
Unable to capture context for thread 11660 in process 3476, can not generate back trace
Exception at PC 0x00007FFE78D1BB93
Printing stacktrace...

Exception at PC 0x00007FFEF5501B39
Exception at PC 0x00007FFEF5501B39
Exception at PC 0x00007FFEF5501B39
Exception at PC 0x00007FFEF5501B39
Exception at PC 0x00007FFEF5501B39
Exception at PC 0x00007FFEF5501B39
Exception at PC 0x00007FFEF5501B39
Exception at PC 0x00007FFEF5501B39
Exception at PC 0x00007FFEF5501B39
Exception at PC 0x00007FFEF5501B39
Exception at PC 0x00007FFEF5501B39
Exception at PC 0x00007FFEF5501B39
Exception at PC 0x00007FFEF5501B39
Exception at PC 0x00007FFEF5501B39
Exception at PC 0x00007FFEF5501B39
Exception at PC 0x00007FFEF5501B39
[0]  [0x00007FFE78D1BB93]
[1]  [0x00007FFE78D1BB93]
[2]  [0x00007FFE78D1B4A1]
[3]  [0x00007FFE78D1B3EF]
[4]  [0x00007FFE78D019FE]
[5]  [0x00007FFE78D00ED1]
[6]  [0x00007FFE78D00D76]
[7]  [0x00007FFE78CA79F6]
[8]  [0x00007FFE78C97AFB]
[9]  [0x00007FFE78DBE90A]
[10]  [0x00007FFE78DD9F87]
[11]  [0x00007FFE78DDA05F]
[12] (BaseThreadInitThunk+0x14) [0x00007FFEF66F7AC4]
[13] (RtlUserThreadStart+0x21) [0x00007FFEF94AA8C1]
Done
